<?xml version="1.0" encoding="UTF-8"?>
<testsuite xmlns:xsi="http://www.w3.org/2001/XMLSchema-instance" xsi:noNamespaceSchemaLocation="https://maven.apache.org/surefire/maven-surefire-plugin/xsd/surefire-test-report-3.0.xsd" version="3.0" name="controller.PlaylistControllerTest" time="0.045" tests="9" errors="0" skipped="0" failures="0">
  <properties>
[...]
</properties>
  <testcase name="testGeneratePlaylist_returnsPlaylist_whenMatchesExist" classname="controller.PlaylistControllerTest" time="0.022"/>
  <testcase name="testExplicitNotAllowed_filtersExplicitSongs" classname="controller.PlaylistControllerTest" time="0.001"/>
  <testcase name="testExplicitAllowed_includesExplicitSongs" classname="controller.PlaylistControllerTest" time="0.001"/>
  <testcase name="testGeneratePlaylist_filtersByGenre" classname="controller.PlaylistControllerTest" time="0.002"/>
  <testcase name="testReset_clearsPlaylist" classname="controller.PlaylistControllerTest" time="0.001"/>
  <testcase name="testGenerateTwice_overwritesPrevious" classname="controller.PlaylistControllerTest" time="0.001">
    <system-out><![CDATA[No songs found matching criteria.
]]></system-out>
  </testcase>
  <testcase name="testInitialState_noPlaylistExists" classname="controller.PlaylistControllerTest" time="0.0"/>
  <testcase name="testNoMatch_returnsNull" classname="controller.PlaylistControllerTest" time="0.0">
    <system-out><![CDATA[No songs found matching criteria.
]]></system-out>
  </testcase>
  <testcase name="testMaxSongs_limitRespected" classname="controller.PlaylistControllerTest" time="0.001"/>
</testsuite>