<?xml version="1.0" encoding="UTF-8"?>
<testsuite xmlns:xsi="http://www.w3.org/2001/XMLSchema-instance" xsi:noNamespaceSchemaLocation="https://maven.apache.org/surefire/maven-surefire-plugin/xsd/surefire-test-report-3.0.xsd" version="3.0" name="com.example.playlistgenerator.SongDatabaseTest" time="0.231" tests="7" errors="0" skipped="0" failures="0">
  <properties>
[...]
</properties>
  <testcase name="skipsHeaderRow" classname="com.example.playlistgenerator.SongDatabaseTest" time="0.126"/>
  <testcase name="returnedSongListCannotBeModified" classname="com.example.playlistgenerator.SongDatabaseTest" time="0.009"/>
  <testcase name="throwsExceptionWhenFileDoesNotExist" classname="com.example.playlistgenerator.SongDatabaseTest" time="0.003"/>
  <testcase name="skipsBlankLines" classname="com.example.playlistgenerator.SongDatabaseTest" time="0.01"/>
  <testcase name="throwsExceptionForWrongNumberOfFields" classname="com.example.playlistgenerator.SongDatabaseTest" time="0.014"/>
  <testcase name="throwsExceptionForInvalidNumberFormat" classname="com.example.playlistgenerator.SongDatabaseTest" time="0.017"/>
  <testcase name="loadsValidSongsFromCsv" classname="com.example.playlistgenerator.SongDatabaseTest" time="0.008"/>
</testsuite>